2015/12/13 17:51:02 [emerg] 52000#0: bind() to 0.0.0.0:80 failed (13: Permission denied)
2015/12/13 17:51:40 [error] 52036#0: *1 open() "/home/liyou/programs/nginx/html/favicon.ico" failed (2: No such file or directory), client: 127.0.0.1, server: localhost, request: "GET /favicon.ico HTTP/1.1", host: "localhost:8080"
2015/12/13 18:02:58 [emerg] 52104#0: unexpected "l" in ./conf/nginx.conf:62
2015/12/13 18:03:21 [emerg] 52147#0: unexpected "}" in ./conf/nginx.conf:66
2015/12/13 18:05:21 [emerg] 52180#0: unexpected "}" in ./conf/nginx.conf:60
2015/12/13 18:05:47 [notice] 52200#0: signal process started
2015/12/13 18:06:05 [error] 52201#0: *2 lua entry thread aborted: runtime error: /home/liyou/programs/nginx/lua_scripts/user.lua:2: attempt to index global 'nginx' (a nil value)
stack traceback:
coroutine 0:
	/home/liyou/programs/nginx/lua_scripts/user.lua: in function </home/liyou/programs/nginx/lua_scripts/user.lua:1>, client: 127.0.0.1, server: localhost, request: "GET /user HTTP/1.1", host: "localhost:8080"
2015/12/13 18:06:33 [notice] 52246#0: signal process started
2015/12/13 18:07:49 [notice] 52275#0: signal process started
2015/12/13 18:07:51 [error] 52276#0: *4 lua entry thread aborted: runtime error: /home/liyou/programs/nginx/lua_scripts/user.lua:7: bad argument #1 to 'say' (non-array table found)
stack traceback:
coroutine 0:
	[C]: in function 'say'
	/home/liyou/programs/nginx/lua_scripts/user.lua:7: in function </home/liyou/programs/nginx/lua_scripts/user.lua:1>, client: 127.0.0.1, server: localhost, request: "GET /user HTTP/1.1", host: "localhost:8080"
2015/12/13 18:09:56 [notice] 52360#0: signal process started
2015/12/13 18:13:35 [emerg] 52514#0: invalid parameter "lua_scripts/user.lua" in ./conf/nginx.conf:60
2015/12/13 18:13:47 [emerg] 52515#0: invalid number of arguments in "add_header" directive in ./conf/nginx.conf:59
2015/12/13 18:14:32 [notice] 52519#0: signal process started
2015/12/13 20:30:28 [notice] 52873#0: signal process started
